  [1m[35m (2366.5ms)[0m  [1m[35mCREATE DATABASE "chat_app_development" ENCODING = 'unicode'[0m
  [1m[35m (956.9ms)[0m  [1m[35mCREATE DATABASE "chat_app_test" ENCODING = 'unicode'[0m
Started GET "/" for ::1 at 2021-11-07 15:22:03 +0100
  [1m[35m (159.1ms)[0m  [1m[35mCREATE TABLE "schema_migrations" ("version" character varying NOT NULL PRIMARY KEY)[0m
  [1m[35m (100.6ms)[0m  [1m[35mCREATE TABLE "ar_internal_metadata" ("key" character varying NOT NULL PRIMARY KEY, "value" character varying, "created_at" timestamp(6) NOT NULL, "updated_at" timestamp(6) NOT NULL)[0m
  [1m[35m (3.7ms)[0m  [1m[34mSELECT "schema_migrations"."version" FROM "schema_migrations" ORDER BY "schema_migrations"."version" ASC[0m
  
ActiveRecord::PendingMigrationError (

Migrations are pending. To resolve this issue, run:

        bin/rails db:migrate RAILS_ENV=development

You have 1 pending migration:

20211107140839_create_users.rb


):
  
activerecord (6.1.4.1) lib/active_record/migration.rb:625:in `check_pending!'
activerecord (6.1.4.1) lib/active_record/migration.rb:590:in `block (2 levels) in call'
activesupport (6.1.4.1) lib/active_support/evented_file_update_checker.rb:59:in `execute'
activerecord (6.1.4.1) lib/active_record/migration.rb:595:in `block in call'
activerecord (6.1.4.1) lib/active_record/migration.rb:587:in `synchronize'
activerecord (6.1.4.1) lib/active_record/migration.rb:587:in `call'
actionpack (6.1.4.1) lib/action_dispatch/middleware/callbacks.rb:27:in `block in call'
activesupport (6.1.4.1) lib/active_support/callbacks.rb:98:in `run_callbacks'
actionpack (6.1.4.1) lib/action_dispatch/middleware/callbacks.rb:26:in `call'
actionpack (6.1.4.1) lib/action_dispatch/middleware/executor.rb:14:in `call'
actionpack (6.1.4.1) lib/action_dispatch/middleware/actionable_exceptions.rb:18:in `call'
actionpack (6.1.4.1) lib/action_dispatch/middleware/debug_exceptions.rb:29:in `call'
web-console (4.1.0) lib/web_console/middleware.rb:132:in `call_app'
web-console (4.1.0) lib/web_console/middleware.rb:28:in `block in call'
web-console (4.1.0) lib/web_console/middleware.rb:17:in `catch'
web-console (4.1.0) lib/web_console/middleware.rb:17:in `call'
actionpack (6.1.4.1) lib/action_dispatch/middleware/show_exceptions.rb:33:in `call'
railties (6.1.4.1) lib/rails/rack/logger.rb:37:in `call_app'
railties (6.1.4.1) lib/rails/rack/logger.rb:26:in `block in call'
activesupport (6.1.4.1) lib/active_support/tagged_logging.rb:99:in `block in tagged'
activesupport (6.1.4.1) lib/active_support/tagged_logging.rb:37:in `tagged'
activesupport (6.1.4.1) lib/active_support/tagged_logging.rb:99:in `tagged'
railties (6.1.4.1) lib/rails/rack/logger.rb:26:in `call'
sprockets-rails (3.2.2) lib/sprockets/rails/quiet_assets.rb:13:in `call'
actionpack (6.1.4.1) lib/action_dispatch/middleware/remote_ip.rb:81:in `call'
actionpack (6.1.4.1) lib/action_dispatch/middleware/request_id.rb:26:in `call'
rack (2.2.3) lib/rack/method_override.rb:24:in `call'
rack (2.2.3) lib/rack/runtime.rb:22:in `call'
activesupport (6.1.4.1) lib/active_support/cache/strategy/local_cache_middleware.rb:29:in `call'
actionpack (6.1.4.1) lib/action_dispatch/middleware/executor.rb:14:in `call'
actionpack (6.1.4.1) lib/action_dispatch/middleware/static.rb:24:in `call'
rack (2.2.3) lib/rack/sendfile.rb:110:in `call'
actionpack (6.1.4.1) lib/action_dispatch/middleware/host_authorization.rb:98:in `call'
rack-mini-profiler (2.3.3) lib/mini_profiler/profiler.rb:393:in `call'
webpacker (5.4.3) lib/webpacker/dev_server_proxy.rb:25:in `perform_request'
rack-proxy (0.7.0) lib/rack/proxy.rb:63:in `call'
railties (6.1.4.1) lib/rails/engine.rb:539:in `call'
puma (5.5.2) lib/puma/configuration.rb:249:in `call'
puma (5.5.2) lib/puma/request.rb:77:in `block in handle_request'
puma (5.5.2) lib/puma/thread_pool.rb:340:in `with_force_shutdown'
puma (5.5.2) lib/puma/request.rb:76:in `handle_request'
puma (5.5.2) lib/puma/server.rb:447:in `process_client'
puma (5.5.2) lib/puma/thread_pool.rb:147:in `block in spawn_thread'
  [1m[35m (0.3ms)[0m  [1m[34mSELECT pg_try_advisory_lock(8617640504667222525)[0m
  [1m[35m (1.9ms)[0m  [1m[34mSELECT "schema_migrations"."version" FROM "schema_migrations" ORDER BY "schema_migrations"."version" ASC[0m
Migrating to CreateUsers (20211107140839)
  [1m[36mTRANSACTION (0.7ms)[0m  [1m[35mBEGIN[0m
  [1m[35m (115.7ms)[0m  [1m[35mCREATE TABLE "users" ("id" bigserial primary key, "username" character varying, "created_at" timestamp(6) NOT NULL, "updated_at" timestamp(6) NOT NULL)[0m
  [1m[36mActiveRecord::SchemaMigration Create (1.0ms)[0m  [1m[32mINSERT INTO "schema_migrations" ("version") VALUES ($1) RETURNING "version"[0m  [["version", "20211107140839"]]
  [1m[36mTRANSACTION (16.2ms)[0m  [1m[35mCOMMIT[0m
  [1m[36mActiveRecord::InternalMetadata Load (0.8ms)[0m  [1m[34mSELECT "ar_internal_metadata".* FROM "ar_internal_metadata" WHERE "ar_internal_metadata"."key" = $1 LIMIT $2[0m  [["key", "environment"], ["LIMIT", 1]]
  [1m[36mTRANSACTION (0.3ms)[0m  [1m[35mBEGIN[0m
  [1m[36mActiveRecord::InternalMetadata Create (1.0ms)[0m  [1m[32mINSERT INTO "ar_internal_metadata" ("key", "value", "created_at", "updated_at") VALUES ($1, $2, $3, $4) RETURNING "key"[0m  [["key", "environment"], ["value", "development"], ["created_at", "2021-11-07 14:22:25.567168"], ["updated_at", "2021-11-07 14:22:25.567168"]]
  [1m[36mTRANSACTION (76.1ms)[0m  [1m[35mCOMMIT[0m
  [1m[35m (0.6ms)[0m  [1m[34mSELECT pg_advisory_unlock(8617640504667222525)[0m
  [1m[35m (1.9ms)[0m  [1m[34mSELECT "schema_migrations"."version" FROM "schema_migrations" ORDER BY "schema_migrations"."version" ASC[0m
Started GET "/" for ::1 at 2021-11-07 15:23:04 +0100
  [1m[35m (1.1ms)[0m  [1m[34mSELECT "schema_migrations"."version" FROM "schema_migrations" ORDER BY "schema_migrations"."version" ASC[0m
Processing by Rails::WelcomeController#index as HTML
  Rendering /home/jamezjaz/.rbenv/versions/2.7.2/lib/ruby/gems/2.7.0/gems/railties-6.1.4.1/lib/rails/templates/rails/welcome/index.html.erb
  Rendered /home/jamezjaz/.rbenv/versions/2.7.2/lib/ruby/gems/2.7.0/gems/railties-6.1.4.1/lib/rails/templates/rails/welcome/index.html.erb (Duration: 18.8ms | Allocations: 223)
Completed 200 OK in 37ms (Views: 20.3ms | ActiveRecord: 0.0ms | Allocations: 2128)


Started GET "/" for ::1 at 2021-11-07 15:23:12 +0100
Processing by Rails::WelcomeController#index as HTML
  Rendering /home/jamezjaz/.rbenv/versions/2.7.2/lib/ruby/gems/2.7.0/gems/railties-6.1.4.1/lib/rails/templates/rails/welcome/index.html.erb
  Rendered /home/jamezjaz/.rbenv/versions/2.7.2/lib/ruby/gems/2.7.0/gems/railties-6.1.4.1/lib/rails/templates/rails/welcome/index.html.erb (Duration: 10.2ms | Allocations: 218)
Completed 200 OK in 15ms (Views: 13.7ms | ActiveRecord: 0.0ms | Allocations: 1112)


  [1m[35m (0.5ms)[0m  [1m[34mSELECT pg_try_advisory_lock(8617640504667222525)[0m
  [1m[35m (1.7ms)[0m  [1m[34mSELECT "schema_migrations"."version" FROM "schema_migrations" ORDER BY "schema_migrations"."version" ASC[0m
Migrating to CreateUsers (20211107140839)
  [1m[36mTRANSACTION (0.3ms)[0m  [1m[35mBEGIN[0m
  [1m[35m (2.9ms)[0m  [1m[35mDROP TABLE "users"[0m
  [1m[36mActiveRecord::SchemaMigration Destroy (0.6ms)[0m  [1m[31mDELETE FROM "schema_migrations" WHERE "schema_migrations"."version" = $1[0m  [["version", "20211107140839"]]
  [1m[36mTRANSACTION (22.1ms)[0m  [1m[35mCOMMIT[0m
  [1m[35m (0.6ms)[0m  [1m[34mSELECT pg_advisory_unlock(8617640504667222525)[0m
  [1m[35m (0.9ms)[0m  [1m[34mSELECT "schema_migrations"."version" FROM "schema_migrations" ORDER BY "schema_migrations"."version" ASC[0m
Started GET "/" for ::1 at 2021-11-07 15:29:36 +0100
  [1m[35m (2.2ms)[0m  [1m[34mSELECT "schema_migrations"."version" FROM "schema_migrations" ORDER BY "schema_migrations"."version" ASC[0m
Processing by Rails::WelcomeController#index as HTML
  Rendering /home/jamezjaz/.rbenv/versions/2.7.2/lib/ruby/gems/2.7.0/gems/railties-6.1.4.1/lib/rails/templates/rails/welcome/index.html.erb
  Rendered /home/jamezjaz/.rbenv/versions/2.7.2/lib/ruby/gems/2.7.0/gems/railties-6.1.4.1/lib/rails/templates/rails/welcome/index.html.erb (Duration: 1.0ms | Allocations: 48)
Completed 200 OK in 5ms (Views: 2.8ms | ActiveRecord: 0.0ms | Allocations: 340)


  [1m[35m (0.3ms)[0m  [1m[34mSELECT pg_try_advisory_lock(8617640504667222525)[0m
  [1m[35m (0.9ms)[0m  [1m[34mSELECT "schema_migrations"."version" FROM "schema_migrations" ORDER BY "schema_migrations"."version" ASC[0m
Migrating to CreateUsers (20211107143044)
  [1m[36mTRANSACTION (0.3ms)[0m  [1m[35mBEGIN[0m
  [1m[35m (91.6ms)[0m  [1m[35mCREATE TABLE "users" ("id" bigserial primary key, "username" character varying, "created_at" timestamp(6) NOT NULL, "updated_at" timestamp(6) NOT NULL)[0m
  [1m[36mActiveRecord::SchemaMigration Create (0.5ms)[0m  [1m[32mINSERT INTO "schema_migrations" ("version") VALUES ($1) RETURNING "version"[0m  [["version", "20211107143044"]]
  [1m[36mTRANSACTION (16.8ms)[0m  [1m[35mCOMMIT[0m
  [1m[36mActiveRecord::InternalMetadata Load (0.8ms)[0m  [1m[34mSELECT "ar_internal_metadata".* FROM "ar_internal_metadata" WHERE "ar_internal_metadata"."key" = $1 LIMIT $2[0m  [["key", "environment"], ["LIMIT", 1]]
  [1m[35m (0.4ms)[0m  [1m[34mSELECT pg_advisory_unlock(8617640504667222525)[0m
  [1m[35m (1.0ms)[0m  [1m[34mSELECT "schema_migrations"."version" FROM "schema_migrations" ORDER BY "schema_migrations"."version" ASC[0m
Started GET "/" for ::1 at 2021-11-07 15:43:22 +0100
  [1m[35m (1.7ms)[0m  [1m[34mSELECT "schema_migrations"."version" FROM "schema_migrations" ORDER BY "schema_migrations"."version" ASC[0m
Processing by Rails::WelcomeController#index as HTML
  Rendering /home/jamezjaz/.rbenv/versions/2.7.2/lib/ruby/gems/2.7.0/gems/railties-6.1.4.1/lib/rails/templates/rails/welcome/index.html.erb
  Rendered /home/jamezjaz/.rbenv/versions/2.7.2/lib/ruby/gems/2.7.0/gems/railties-6.1.4.1/lib/rails/templates/rails/welcome/index.html.erb (Duration: 9.4ms | Allocations: 336)
Completed 200 OK in 36ms (Views: 11.4ms | ActiveRecord: 0.0ms | Allocations: 2439)


  [1m[35m (0.4ms)[0m  [1m[34mSELECT pg_try_advisory_lock(8617640504667222525)[0m
  [1m[35m (0.8ms)[0m  [1m[34mSELECT "schema_migrations"."version" FROM "schema_migrations" ORDER BY "schema_migrations"."version" ASC[0m
Migrating to CreateRooms (20211107144552)
  [1m[36mTRANSACTION (0.3ms)[0m  [1m[35mBEGIN[0m
  [1m[35m (110.9ms)[0m  [1m[35mCREATE TABLE "rooms" ("id" bigserial primary key, "name" character varying, "is_private" boolean DEFAULT FALSE, "created_at" timestamp(6) NOT NULL, "updated_at" timestamp(6) NOT NULL)[0m
  [1m[36mActiveRecord::SchemaMigration Create (0.5ms)[0m  [1m[32mINSERT INTO "schema_migrations" ("version") VALUES ($1) RETURNING "version"[0m  [["version", "20211107144552"]]
  [1m[36mTRANSACTION (14.3ms)[0m  [1m[35mCOMMIT[0m
  [1m[36mActiveRecord::InternalMetadata Load (0.5ms)[0m  [1m[34mSELECT "ar_internal_metadata".* FROM "ar_internal_metadata" WHERE "ar_internal_metadata"."key" = $1 LIMIT $2[0m  [["key", "environment"], ["LIMIT", 1]]
  [1m[35m (0.6ms)[0m  [1m[34mSELECT pg_advisory_unlock(8617640504667222525)[0m
  [1m[35m (1.8ms)[0m  [1m[34mSELECT "schema_migrations"."version" FROM "schema_migrations" ORDER BY "schema_migrations"."version" ASC[0m
Started GET "/" for ::1 at 2021-11-07 16:11:03 +0100
  [1m[35m (2.1ms)[0m  [1m[34mSELECT "schema_migrations"."version" FROM "schema_migrations" ORDER BY "schema_migrations"."version" ASC[0m
Processing by Rails::WelcomeController#index as HTML
  Rendering /home/jamezjaz/.rbenv/versions/2.7.2/lib/ruby/gems/2.7.0/gems/railties-6.1.4.1/lib/rails/templates/rails/welcome/index.html.erb
  Rendered /home/jamezjaz/.rbenv/versions/2.7.2/lib/ruby/gems/2.7.0/gems/railties-6.1.4.1/lib/rails/templates/rails/welcome/index.html.erb (Duration: 11.0ms | Allocations: 224)
Completed 200 OK in 22ms (Views: 17.2ms | ActiveRecord: 0.0ms | Allocations: 835)


Started GET "/" for ::1 at 2021-11-07 16:48:30 +0100
Processing by Rails::WelcomeController#index as HTML
  Rendering /home/jamezjaz/.rbenv/versions/2.7.2/lib/ruby/gems/2.7.0/gems/railties-6.1.4.1/lib/rails/templates/rails/welcome/index.html.erb
  Rendered /home/jamezjaz/.rbenv/versions/2.7.2/lib/ruby/gems/2.7.0/gems/railties-6.1.4.1/lib/rails/templates/rails/welcome/index.html.erb (Duration: 7.5ms | Allocations: 224)
Completed 200 OK in 12ms (Views: 9.8ms | Allocations: 837)


Started GET "/new" for ::1 at 2021-11-07 16:48:36 +0100
  
ActionController::RoutingError (No route matches [GET] "/new"):
  
Started GET "/" for ::1 at 2021-11-07 17:18:05 +0100
  [1m[35m (2.3ms)[0m  [1m[34mSELECT "schema_migrations"."version" FROM "schema_migrations" ORDER BY "schema_migrations"."version" ASC[0m
Processing by RoomsController#index as HTML
Redirected to http://localhost:3000/signin
Completed 302 Found in 28ms (ActiveRecord: 6.9ms | Allocations: 3002)


Started GET "/signin" for ::1 at 2021-11-07 17:18:05 +0100
  
ActionController::RoutingError (uninitialized constant SessionController
Did you mean?  SessionsController):
  
Started GET "/" for ::1 at 2021-11-07 17:19:21 +0100
Processing by RoomsController#index as HTML
Redirected to http://localhost:3000/signin
Completed 302 Found in 17ms (ActiveRecord: 6.3ms | Allocations: 2022)


Started GET "/signin" for ::1 at 2021-11-07 17:19:21 +0100
Processing by SessionsController#new as HTML
  Rendering layout layouts/application.html.erb
  Rendering sessions/new.html.erb within layouts/application
  Rendered sessions/new.html.erb within layouts/application (Duration: 46.8ms | Allocations: 1229)
[Webpacker] Compiling...
[Webpacker] Compilation failed:
Hash: 36298a00933980f693ae
Version: webpack 4.46.0
Time: 13757ms
Built at: 11/07/2021 5:19:37 PM
                                     Asset       Size       Chunks                         Chunk Names
    js/application-b6b1e88debaa27f9db09.js   1.03 MiB  application  [emitted] [immutable]  application
js/application-b6b1e88debaa27f9db09.js.map    1.1 MiB  application  [emitted] [dev]        application
                             manifest.json  364 bytes               [emitted]              
Entrypoint application = js/application-b6b1e88debaa27f9db09.js js/application-b6b1e88debaa27f9db09.js.map
[./app/javascript/channels sync recursive _channel\.js$] ./app/javascript/channels sync _channel\.js$ 160 bytes {application} [built]
[./app/javascript/channels/index.js] 211 bytes {application} [built]
[./app/javascript/packs/application.js] 549 bytes {application} [built]
[./app/javascript/stylesheets/application.scss] 664 bytes {application} [built]
[./node_modules/css-loader/dist/cjs.js?!./node_modules/postcss-loader/src/index.js?!./node_modules/sass-loader/dist/cjs.js?!./app/javascript/stylesheets/application.scss] ./node_modules/css-loader/dist/cjs.js??ref--6-1!./node_modules/postcss-loader/src??ref--6-2!./node_modules/sass-loader/dist/cjs.js??ref--6-3!./app/javascript/stylesheets/application.scss 743 KiB {application} [built]
[./node_modules/webpack/buildin/module.js] (webpack)/buildin/module.js 552 bytes {application} [built]
    + 6 hidden modules

ERROR in ./node_modules/bootstrap/dist/js/bootstrap.esm.js
Module not found: Error: Can't resolve '@popperjs/core' in '/home/jamezjaz/Personal_Projects/Chat_App/node_modules/bootstrap/dist/js'
 @ ./node_modules/bootstrap/dist/js/bootstrap.esm.js 60:0-41 2356:17-23 2375:21-40 4029:15-21 4164:23-42
 @ ./app/javascript/packs/application.js

  Rendered layout layouts/application.html.erb (Duration: 16390.3ms | Allocations: 20559)
Completed 200 OK in 16445ms (Views: 16443.6ms | ActiveRecord: 0.0ms | Allocations: 21565)


Started POST "/signin" for ::1 at 2021-11-07 17:19:49 +0100
Processing by SessionsController#create as HTML
  Parameters: {"authenticity_token"=>"[FILTERED]", "session"=>{"username"=>"Jamezjaz"}, "commit"=>"Sign in"}
  [1m[36mUser Load (1.8ms)[0m  [1m[34mSELECT "users".* FROM "users" WHERE "users"."username" = $1 LIMIT $2[0m  [["username", "Jamezjaz"], ["LIMIT", 1]]
  ↳ app/controllers/sessions_controller.rb:3:in `create'
  Rendering layout layouts/application.html.erb
  Rendering sessions/new.html.erb within layouts/application
  Rendered sessions/new.html.erb within layouts/application (Duration: 1.7ms | Allocations: 283)
[Webpacker] Everything's up-to-date. Nothing to do
  Rendered layout layouts/application.html.erb (Duration: 19.0ms | Allocations: 3299)
Completed 200 OK in 34ms (Views: 20.8ms | ActiveRecord: 3.3ms | Allocations: 5042)


Started POST "/signin" for ::1 at 2021-11-07 17:24:37 +0100
  [1m[35m (1.7ms)[0m  [1m[34mSELECT "schema_migrations"."version" FROM "schema_migrations" ORDER BY "schema_migrations"."version" ASC[0m
Processing by SessionsController#create as HTML
  Parameters: {"authenticity_token"=>"[FILTERED]", "session"=>{"username"=>"Jamezjaz"}, "commit"=>"Sign in"}
  [1m[36mUser Load (1.9ms)[0m  [1m[34mSELECT "users".* FROM "users" WHERE "users"."username" = $1 LIMIT $2[0m  [["username", "Jamezjaz"], ["LIMIT", 1]]
  ↳ app/controllers/sessions_controller.rb:3:in `create'
  Rendering layout layouts/application.html.erb
  Rendering sessions/new.html.erb within layouts/application
  Rendered sessions/new.html.erb within layouts/application (Duration: 4.5ms | Allocations: 1291)
[Webpacker] Everything's up-to-date. Nothing to do
  Rendered layout layouts/application.html.erb (Duration: 24.2ms | Allocations: 6625)
Completed 200 OK in 57ms (Views: 31.0ms | ActiveRecord: 6.6ms | Allocations: 11410)


Started GET "/" for ::1 at 2021-11-07 17:29:24 +0100
Processing by RoomsController#index as HTML
Redirected to http://localhost:3000/signin
Completed 302 Found in 16ms (ActiveRecord: 3.6ms | Allocations: 1246)


Started GET "/signin" for ::1 at 2021-11-07 17:29:24 +0100
Processing by SessionsController#new as HTML
  Rendering layout layouts/application.html.erb
  Rendering sessions/new.html.erb within layouts/application
  Rendered sessions/new.html.erb within layouts/application (Duration: 2.7ms | Allocations: 419)
[Webpacker] Everything's up-to-date. Nothing to do
  Rendered layout layouts/application.html.erb (Duration: 11.7ms | Allocations: 3596)
Completed 200 OK in 16ms (Views: 14.1ms | ActiveRecord: 0.0ms | Allocations: 4602)


Started GET "/" for ::1 at 2021-11-07 17:34:18 +0100
Processing by RoomsController#index as HTML
Redirected to http://localhost:3000/signin
Completed 302 Found in 2ms (ActiveRecord: 0.0ms | Allocations: 330)


Started GET "/signin" for ::1 at 2021-11-07 17:34:18 +0100
Processing by SessionsController#new as HTML
  Rendering layout layouts/application.html.erb
  Rendering sessions/new.html.erb within layouts/application
  Rendered sessions/new.html.erb within layouts/application (Duration: 1.3ms | Allocations: 272)
[Webpacker] Compiling...
[Webpacker] Compiled all packs in /home/jamezjaz/Personal_Projects/Chat_App/public/packs
[Webpacker] Hash: 7504b850ce6e20e220ef
Version: webpack 4.46.0
Time: 11358ms
Built at: 11/07/2021 5:34:31 PM
                                     Asset       Size       Chunks                         Chunk Names
    js/application-9d6d71cff4db144affd5.js   1.18 MiB  application  [emitted] [immutable]  application
js/application-9d6d71cff4db144affd5.js.map   1.19 MiB  application  [emitted] [dev]        application
                             manifest.json  364 bytes               [emitted]              
Entrypoint application = js/application-9d6d71cff4db144affd5.js js/application-9d6d71cff4db144affd5.js.map
[./app/javascript/channels sync recursive _channel\.js$] ./app/javascript/channels sync _channel\.js$ 160 bytes {application} [built]
[./app/javascript/channels/index.js] 211 bytes {application} [built]
[./app/javascript/packs/application.js] 549 bytes {application} [built]
[./app/javascript/stylesheets/application.scss] 664 bytes {application} [built]
[./node_modules/css-loader/dist/cjs.js?!./node_modules/postcss-loader/src/index.js?!./node_modules/sass-loader/dist/cjs.js?!./app/javascript/stylesheets/application.scss] ./node_modules/css-loader/dist/cjs.js??ref--6-1!./node_modules/postcss-loader/src??ref--6-2!./node_modules/sass-loader/dist/cjs.js??ref--6-3!./app/javascript/stylesheets/application.scss 743 KiB {application} [built]
[./node_modules/webpack/buildin/module.js] (webpack)/buildin/module.js 552 bytes {application} [built]
    + 64 hidden modules

  Rendered layout layouts/application.html.erb (Duration: 13313.1ms | Allocations: 4548)
Completed 200 OK in 13315ms (Views: 13314.1ms | ActiveRecord: 0.0ms | Allocations: 4924)


